Arguments: 
  /Users/macuser/.volta/tools/image/node/14.16.0/bin/node /Users/macuser/.volta/tools/image/yarn/1.22.10/bin/yarn.js init

PATH: 
  /Users/macuser/.volta/tools/image/yarn/1.22.10/bin:/Users/macuser/.volta/tools/image/node/14.16.0/bin:/Users/macuser/.volta/bin:/Users/macuser/Library/Android/sdk/platform-tools:/Users/macuser/.yarn/bin:/Users/macuser/.config/yarn/global/node_modules/.bin:/usr/local/bin:/usr/bin:/bin:/usr/sbin:/sbin:/Library/Apple/usr/bin:/Users/macuser/.volta/bin:/Users/macuser/Library/Android/sdk/platform-tools:/Users/macuser/.yarn/bin:/Users/macuser/.config/yarn/global/node_modules/.bin

Yarn version: 
  1.22.10

Node version: 
  14.16.0

Platform: 
  darwin x64

Trace: 
  Error: canceled
      at Interface.<anonymous> (/Users/macuser/.volta/tools/image/yarn/1.22.10/lib/cli.js:136216:13)
      at Interface.emit (events.js:315:20)
      at Interface._ttyWrite (readline.js:875:16)
      at ReadStream.onkeypress (readline.js:213:10)
      at ReadStream.emit (events.js:315:20)
      at emitKeys (internal/readline/utils.js:345:14)
      at emitKeys.next (<anonymous>)
      at ReadStream.onData (readline.js:1144:36)
      at ReadStream.emit (events.js:315:20)
      at addChunk (internal/streams/readable.js:309:12)

npm manifest: 
  No manifest

yarn manifest: 
  No manifest

Lockfile: 
  No lockfile
